<?xml version="1.0" encoding="UTF-8"?>
<testng-results skipped="0" failed="0" ignored="0" total="1" passed="1">
  <reporter-output>
  </reporter-output>
  <suite name="Suite" duration-ms="2709" started-at="2020-02-05T18:15:20Z" finished-at="2020-02-05T18:15:23Z">
    <groups>
    </groups>
    <test name="Test" duration-ms="2709" started-at="2020-02-05T18:15:20Z" finished-at="2020-02-05T18:15:23Z">
      <class name="fnr.LMS_53311_FNR_RJ">
        <test-method status="PASS" signature="scenario1()[pri:0, instance:fnr.LMS_53311_FNR_RJ@6537cf78]" name="scenario1" duration-ms="2674" started-at="2020-02-05T23:45:20Z" finished-at="2020-02-05T23:45:23Z">
          <reporter-output>
          </reporter-output>
        </test-method> <!-- scenario1 -->
      </class> <!-- fnr.LMS_53311_FNR_RJ -->
    </test> <!-- Test -->
  </suite> <!-- Suite -->
</testng-results>
